<?xml version="1.0" encoding="UTF-8"?>
<!-- Generated by org.testng.reporters.JUnitReportReporter -->
<testsuite hostname="LAPTOP-SQ3KM3P2" failures="0" tests="5" name="tests.LoginTests" time="42.724" errors="0" timestamp="2025-09-08T18:03:52 IST" skipped="0">
  <testcase classname="tests.LoginTests" name="validateLogin" time="12.474"/>
  <testcase classname="tests.LoginTests" name="validateLogin" time="8.876"/>
  <testcase classname="tests.LoginTests" name="testInvalidUsernameValidPassword" time="7.094"/>
  <testcase classname="tests.LoginTests" name="testValidUsernameInvalidPassword" time="8.235"/>
  <testcase classname="tests.LoginTests" name="testEmptyCredentials" time="6.045"/>
</testsuite> <!-- tests.LoginTests -->
