<?xml version="1.0" encoding="UTF-8"?>
<testng-results ignored="0" total="2" passed="2" failed="0" skipped="0">
  <reporter-output>
  </reporter-output>
  <suite started-at="2025-08-20T15:41:36 IST" name="Default suite" finished-at="2025-08-20T15:41:49 IST" duration-ms="12673">
    <groups>
    </groups>
    <test started-at="2025-08-20T15:41:36 IST" name="Default test" finished-at="2025-08-20T15:41:49 IST" duration-ms="12673">
      <class name="paralleltestdemo.ParallelTestDemo">
        <test-method signature="testChrome()[pri:1, instance:paralleltestdemo.ParallelTestDemo@245b4bdc]" started-at="2025-08-20T15:41:36 IST" name="testChrome" finished-at="2025-08-20T15:41:41 IST" duration-ms="4960" status="PASS">
          <reporter-output>
          </reporter-output>
        </test-method> <!-- testChrome -->
        <test-method signature="testfirefox()[pri:2, instance:paralleltestdemo.ParallelTestDemo@245b4bdc]" started-at="2025-08-20T15:41:41 IST" name="testfirefox" finished-at="2025-08-20T15:41:49 IST" duration-ms="7656" status="PASS">
          <reporter-output>
          </reporter-output>
        </test-method> <!-- testfirefox -->
      </class> <!-- paralleltestdemo.ParallelTestDemo -->
    </test> <!-- Default test -->
  </suite> <!-- Default suite -->
</testng-results>
