<?xml version="1.0" encoding="UTF-8"?>
<testng-results ignored="0" total="4" passed="4" failed="0" skipped="0">
  <reporter-output>
  </reporter-output>
  <suite started-at="2025-08-20T11:36:14 IST" name="Default suite" finished-at="2025-08-20T11:36:14 IST" duration-ms="69">
    <groups>
      <group name="regression">
        <method signature="TestNgDemo.test3()[pri:0, instance:v1.TestNgDemo@14cd1699]" name="test3" class="v1.TestNgDemo"/>
        <method signature="TestNgDemo.test4()[pri:0, instance:v1.TestNgDemo@14cd1699]" name="test4" class="v1.TestNgDemo"/>
      </group> <!-- regression -->
      <group name="smoke">
        <method signature="TestNgDemo.test1()[pri:0, instance:v1.TestNgDemo@14cd1699]" name="test1" class="v1.TestNgDemo"/>
        <method signature="TestNgDemo.test4()[pri:0, instance:v1.TestNgDemo@14cd1699]" name="test4" class="v1.TestNgDemo"/>
      </group> <!-- smoke -->
      <group name="sanity">
        <method signature="TestNgDemo.test2()[pri:0, instance:v1.TestNgDemo@14cd1699]" name="test2" class="v1.TestNgDemo"/>
      </group> <!-- sanity -->
    </groups>
    <test started-at="2025-08-20T11:36:14 IST" name="Default test" finished-at="2025-08-20T11:36:14 IST" duration-ms="69">
      <class name="v1.TestNgDemo">
        <test-method signature="test1()[pri:0, instance:v1.TestNgDemo@14cd1699]" started-at="2025-08-20T11:36:14 IST" name="test1" finished-at="2025-08-20T11:36:14 IST" duration-ms="8" status="PASS">
          <reporter-output>
          </reporter-output>
        </test-method> <!-- test1 -->
        <test-method signature="test2()[pri:0, instance:v1.TestNgDemo@14cd1699]" started-at="2025-08-20T11:36:14 IST" name="test2" finished-at="2025-08-20T11:36:14 IST" duration-ms="2" status="PASS">
          <reporter-output>
          </reporter-output>
        </test-method> <!-- test2 -->
        <test-method signature="test3()[pri:0, instance:v1.TestNgDemo@14cd1699]" started-at="2025-08-20T11:36:14 IST" name="test3" finished-at="2025-08-20T11:36:14 IST" duration-ms="1" status="PASS">
          <reporter-output>
          </reporter-output>
        </test-method> <!-- test3 -->
        <test-method signature="test4()[pri:0, instance:v1.TestNgDemo@14cd1699]" started-at="2025-08-20T11:36:14 IST" name="test4" finished-at="2025-08-20T11:36:14 IST" duration-ms="2" status="PASS">
          <reporter-output>
          </reporter-output>
        </test-method> <!-- test4 -->
      </class> <!-- v1.TestNgDemo -->
    </test> <!-- Default test -->
  </suite> <!-- Default suite -->
</testng-results>
