<?xml version="1.0" encoding="UTF-8"?>
<!-- Generated by org.testng.reporters.JUnitXMLReporter -->
<testsuite ignored="0" hostname="LAPTOP-SQ3KM3P2" failures="0" tests="4" name="Default test" time="0.069" errors="0" timestamp="2025-08-20T11:36:14 IST">
  <testcase classname="v1.TestNgDemo" name="test1" time="0.008"/>
  <testcase classname="v1.TestNgDemo" name="test2" time="0.002"/>
  <testcase classname="v1.TestNgDemo" name="test3" time="0.001"/>
  <testcase classname="v1.TestNgDemo" name="test4" time="0.002"/>
</testsuite> <!-- Default test -->
