<?xml version="1.0" encoding="UTF-8"?>
<!-- Generated by org.testng.reporters.JUnitXMLReporter -->
<testsuite ignored="0" hostname="LAPTOP-SQ3KM3P2" failures="0" tests="3" name="Loan Module" time="28.051" errors="0" timestamp="2025-09-08T18:03:40 IST">
  <testcase classname="tests.LoanTests" name="approvePersonalLoanWithValidDetails" time="8.526"/>
  <testcase classname="tests.LoanTests" name="rejectHomeLoanWhenSalaryBelowThreshold" time="8.537"/>
  <testcase classname="tests.EmiTests" name="validateEmiFor12Months" time="0.004"/>
</testsuite> <!-- Loan Module -->
