<?xml version="1.0" encoding="UTF-8"?>
<!-- Generated by org.testng.reporters.JUnitXMLReporter -->
<testsuite ignored="0" hostname="LAPTOP-SQ3KM3P2" failures="0" tests="5" name="Login Module" time="44.268" errors="0" timestamp="2025-09-08T18:02:59 IST">
  <testcase classname="tests.LoginTests" name="validateLogin" time="3.599"/>
  <testcase classname="tests.LoginTests" name="validateLogin" time="3.518"/>
  <testcase classname="tests.LoginTests" name="testInvalidUsernameValidPassword" time="3.626"/>
  <testcase classname="tests.LoginTests" name="testValidUsernameInvalidPassword" time="3.601"/>
  <testcase classname="tests.LoginTests" name="testEmptyCredentials" time="2.481"/>
</testsuite> <!-- Login Module -->
